
Xvnc TigerVNC 1.8.0 - built May 16 2017 19:34:54
Copyright (C) 1999-2017 TigerVNC Team and many others (see README.txt)
See http://www.tigervnc.org for information on TigerVNC.
Underlying X server release 11903000, The X.Org Foundation


Tue May 16 14:03:39 2017
 vncext:      VNC extension running!
 vncext:      Listening for VNC connections on local interface(s), port 5901
 vncext:      created VNC server for screen 0

Tue May 16 14:03:43 2017
 ComparingUpdateTracker: 0 pixels in / 0 pixels out
 ComparingUpdateTracker: (1:-nan ratio)

Tue May 16 14:03:47 2017
 Connections: accepted: [::1]::51700
 SConnection: Client needs protocol version 3.8
 SConnection: Client requests security type VncAuth(2)

Tue May 16 14:03:52 2017
 VNCSConnST:  Server default pixel format depth 24 (32bpp) little-endian rgb888
 VNCSConnST:  Client pixel format depth 24 (32bpp) little-endian rgb888

Tue May 16 14:17:55 2017
 Connections: closed: [::1]::51700 (Clean disconnection)
 EncodeManager: Framebuffer updates: 581
 EncodeManager:   RRE:
 EncodeManager:     Solid: 113 rects, 5.85146 Mpixels
 EncodeManager:            2.20703 KiB (1:10357.2 ratio)
 EncodeManager:   Hextile:
 EncodeManager:     Bitmap RLE: 3 rects, 20.798 kpixels
 EncodeManager:                 801 B (1:103.905 ratio)
 EncodeManager:     Indexed RLE: 224 rects, 4.53743 Mpixels
 EncodeManager:                  1.41544 MiB (1:12.2305 ratio)
 EncodeManager:     Full Colour: 724 rects, 17.1947 Mpixels
 EncodeManager:                  7.63043 MiB (1:8.59729 ratio)
 EncodeManager:   Total: 1.064 krects, 27.6044 Mpixels
 EncodeManager:          9.04879 MiB (1:11.6385 ratio)
 ComparingUpdateTracker: 153.011 Mpixels in / 26.4705 Mpixels out
 ComparingUpdateTracker: (1:5.78044 ratio)

Mon Jun  5 11:36:38 2017
 Connections: accepted: [::1]::44360
 SConnection: Client needs protocol version 3.4
 SConnection: Client uses unofficial protocol version 3.4
 SConnection: Assuming compatibility with version 3.3

Mon Jun  5 11:36:43 2017
 VNCSConnST:  Server default pixel format depth 24 (32bpp) little-endian rgb888
 VNCSConnST:  Client pixel format depth 8 (8bpp) bgr233

Mon Jun  5 11:36:56 2017
 VNCSConnST:  Client pixel format depth 24 (32bpp) little-endian rgb888

Mon Jun  5 11:40:27 2017
 Connections: closed: [::1]::44360 (Clean disconnection)
 EncodeManager: Framebuffer updates: 2259
 EncodeManager:   Hextile:
 EncodeManager:     Bitmap RLE: 1.202 krects, 614.835 kpixels
 EncodeManager:                 53.2139 KiB (1:45.3977 ratio)
 EncodeManager:     Indexed RLE: 8.001 krects, 21.4372 Mpixels
 EncodeManager:                  2.27662 MiB (1:35.9603 ratio)
 EncodeManager:     Full Colour: 4.026 krects, 21.056 Mpixels
 EncodeManager:                  12.9902 MiB (1:6.18682 ratio)
 EncodeManager:   Tight:
 EncodeManager:     Solid: 7.661 krects, 109.643 Mpixels
 EncodeManager:            119.432 KiB (1:3467.02 ratio)
 EncodeManager:   ZRLE:
 EncodeManager:     Bitmap RLE: 40 rects, 132.294 kpixels
 EncodeManager:                 1.76367 KiB (1:73.5183 ratio)
 EncodeManager:     Indexed RLE: 124 rects, 1.22544 Mpixels
 EncodeManager:                  48.9258 KiB (1:24.4897 ratio)
 EncodeManager:     Full Colour: 7 rects, 706 pixels
 EncodeManager:                  334 B (1:2.36527 ratio)
 EncodeManager:   Total: 21.061 krects, 154.109 Mpixels
 EncodeManager:          15.4853 MiB (1:36.8259 ratio)
 ComparingUpdateTracker: 274.241 Mpixels in / 160.131 Mpixels out
 ComparingUpdateTracker: (1:1.71261 ratio)
Warning: VNC extension does not support -reset, terminating instead. Use -noreset to prevent termination.
